<?xml version="1.0" encoding="UTF-8"?>
<!-- Generated by org.testng.reporters.JUnitReportReporter -->
<testsuite name="Test.LoginPage_TestNG" tests="1" time="2.808" ignored="0" failures="0" timestamp="26 Sep 2021 21:53:50 GMT" skipped="0" hostname="LAPTOP-KVF11IFR" errors="0">
  <testcase name="LoginShopApathoke" time="2.808" classname="Test.LoginPage_TestNG"/>
</testsuite> <!-- Test.LoginPage_TestNG -->
