<?xml version="1.0" encoding="UTF-8"?>
<!-- Generated by org.testng.reporters.JUnitReportReporter -->
<testsuite name="GotPhotoTest.GotPhoto_TESTNG" tests="1" time="3.581" ignored="0" failures="0" timestamp="04 Oct 2021 10:15:00 GMT" skipped="0" hostname="LAPTOP-KVF11IFR" errors="0">
  <testcase name="LoginShopApathoke" time="3.581" classname="GotPhotoTest.GotPhoto_TESTNG"/>
</testsuite> <!-- GotPhotoTest.GotPhoto_TESTNG -->
